<?xml version="1.0" encoding="UTF-8"?>
<!-- Generated by org.testng.reporters.JUnitReportReporter -->
<testsuite skipped="0" hostname="LAPTOP-CKA9B3E8" name="test.Magento" tests="2" failures="0" timestamp="2020-03-30T21:30:22 EDT" time="51.317" errors="0">
  <testcase name="register" time="29.576" classname="test.Magento"/>
  <testcase name="negative_login" time="21.741" classname="test.Magento"/>
</testsuite> <!-- test.Magento -->
